Using pre-set license
Built from '2020.2/release' branch; Version is '2020.2.2f1 (068178b99f32) revision 426360'; Using compiler version '192528614'; Build Type 'Release'
OS: 'Windows 10 Home; OS build 19041.746; Version 2004; 64bit' Language: 'ja' Physical Memory: 16302 MB
BatchMode: 1, IsHumanControllingUs: 0, StartBugReporterOnCrash: 0, Is64bit: 1, IsPro: 0

 COMMAND LINE ARGUMENTS:
C:\Program Files\Unity\Hub\Editor\2020.2.2f1\Editor\Unity.exe
-adb2
-batchMode
-noUpm
-name
AssetImportWorker0
-projectPath
D:/User/ドキュメント/バトスピ/The hand in shadow
-logFile
Logs/AssetImportWorker0.log
-srvPort
52801
Successfully changed project path to: D:/User/ドキュメント/バトスピ/The hand in shadow
D:/User/ドキュメント/バトスピ/The hand in shadow
Using Asset Import Pipeline V2.
Refreshing native plugins compatible for Editor in 17.68 ms, found 0 plugins.
Preloading 0 native plugins for Editor in 0.00 ms.
Initialize engine version: 2020.2.2f1 (068178b99f32)
[Subsystems] Discovering subsystems at path C:/Program Files/Unity/Hub/Editor/2020.2.2f1/Editor/Data/Resources/UnitySubsystems
[Subsystems] Discovering subsystems at path D:/User/ドキュメント/バトスピ/The hand in shadow/Assets
GfxDevice: creating device client; threaded=0
Direct3D:
    Version:  Direct3D 11.0 [level 11.1]
    Renderer: NVIDIA GeForce GTX 1070 Ti (ID=0x1b82)
    Vendor:   
    VRAM:     8079 MB
    Driver:   27.21.14.5671
Initialize mono
Mono path[0] = 'C:/Program Files/Unity/Hub/Editor/2020.2.2f1/Editor/Data/Managed'
Mono path[1] = 'C:/Program Files/Unity/Hub/Editor/2020.2.2f1/Editor/Data/MonoBleedingEdge/lib/mono/unityjit'
Mono config path = 'C:/Program Files/Unity/Hub/Editor/2020.2.2f1/Editor/Data/MonoBleedingEdge/etc'
Using monoOptions --debugger-agent=transport=dt_socket,embedding=1,server=y,suspend=n,address=127.0.0.1:56036
Begin MonoManager ReloadAssembly
Registering precompiled unity dll's ...
Register platform support module: C:/Program Files/Unity/Hub/Editor/2020.2.2f1/Editor/Data/PlaybackEngines/WindowsStandaloneSupport/UnityEditor.WindowsStandalone.Extensions.dll
Registered in 0.001875 seconds.
Native extension for WindowsStandalone target not found
Refreshing native plugins compatible for Editor in 18.31 ms, found 0 plugins.
Preloading 0 native plugins for Editor in 0.00 ms.
Invoked RoslynAnalysisRunner static constructor.
RoslynAnalysisRunner will not be running.
RoslynAnalysisRunner has terminated.
Mono: successfully reloaded assembly
- Completed reload, in  0.922 seconds
Platform modules already initialized, skipping
Registering precompiled user dll's ...
Registered in 0.000522 seconds.
Begin MonoManager ReloadAssembly
Native extension for WindowsStandalone target not found
Refreshing native plugins compatible for Editor in 0.15 ms, found 0 plugins.
Preloading 0 native plugins for Editor in 0.00 ms.
Invoked RoslynAnalysisRunner static constructor.
RoslynAnalysisRunner will not be running.
RoslynAnalysisRunner has terminated.
Mono: successfully reloaded assembly
- Completed reload, in  0.645 seconds
Platform modules already initialized, skipping
========================================================================
Worker process is ready to serve import requests
Launched and connected shader compiler UnityShaderCompiler.exe after 0.03 seconds
Refreshing native plugins compatible for Editor in 0.19 ms, found 0 plugins.
Preloading 0 native plugins for Editor in 0.00 ms.
Unloading 1075 Unused Serialized files (Serialized files now loaded: 0)
System memory in use before: 56.1 MB.
System memory in use after: 56.1 MB.

Unloading 9 unused Assets to reduce memory usage. Loaded Objects now: 1517.
Total: 1.515300 ms (FindLiveObjects: 0.105800 ms CreateObjectMapping: 0.031300 ms MarkObjects: 1.318400 ms  DeleteObjects: 0.059100 ms)

========================================================================
Received Import Request.
  path: Assets/Prefab/Enemy.prefab
  artifactKey: Guid(bf7e4131572760d4cb69d70deed9b7a6) Importer(815301076,1909f56bfc062723c751e8b465ee728b)
Start importing Assets/Prefab/Enemy.prefab using Guid(bf7e4131572760d4cb69d70deed9b7a6) Importer(815301076,1909f56bfc062723c751e8b465ee728b)  -> (artifact id: 'bffcf403528651fd3e37227852fc9eca') in 0.125144 seconds
  Import took 0.126739 seconds .

========================================================================
Received Import Request.
  Time since last request: 502.019160 seconds.
  path: Assets/Prefab/Enemy.prefab
  artifactKey: Guid(bf7e4131572760d4cb69d70deed9b7a6) Importer(815301076,1909f56bfc062723c751e8b465ee728b)
Start importing Assets/Prefab/Enemy.prefab using Guid(bf7e4131572760d4cb69d70deed9b7a6) Importer(815301076,1909f56bfc062723c751e8b465ee728b)  -> (artifact id: 'b1a999285fdcb2c60d2587b21eddab49') in 0.012659 seconds
  Import took 0.014930 seconds .

========================================================================
Received Import Request.
  Time since last request: 5.681374 seconds.
  path: Assets/Prefab/Enemy.prefab
  artifactKey: Guid(bf7e4131572760d4cb69d70deed9b7a6) Importer(815301076,1909f56bfc062723c751e8b465ee728b)
Start importing Assets/Prefab/Enemy.prefab using Guid(bf7e4131572760d4cb69d70deed9b7a6) Importer(815301076,1909f56bfc062723c751e8b465ee728b)  -> (artifact id: '784e3ad2af0d1482314f903072aedb75') in 0.010835 seconds
  Import took 0.012808 seconds .

========================================================================
Received Prepare
Registering precompiled user dll's ...
Registered in 0.000370 seconds.
Begin MonoManager ReloadAssembly
Native extension for WindowsStandalone target not found
Refreshing native plugins compatible for Editor in 0.16 ms, found 0 plugins.
Preloading 0 native plugins for Editor in 0.00 ms.
Invoked RoslynAnalysisRunner static constructor.
RoslynAnalysisRunner will not be running.
RoslynAnalysisRunner has terminated.
Mono: successfully reloaded assembly
- Completed reload, in  0.610 seconds
Platform modules already initialized, skipping
Refreshing native plugins compatible for Editor in 0.16 ms, found 0 plugins.
Preloading 0 native plugins for Editor in 0.00 ms.
Unloading 1070 Unused Serialized files (Serialized files now loaded: 0)
System memory in use before: 59.3 MB.
System memory in use after: 59.4 MB.

Unloading 4 unused Assets to reduce memory usage. Loaded Objects now: 1527.
Total: 1.451400 ms (FindLiveObjects: 0.102100 ms CreateObjectMapping: 0.026500 ms MarkObjects: 1.244900 ms  DeleteObjects: 0.077200 ms)

========================================================================
Received Import Request.
  Time since last request: 47.333852 seconds.
  path: Assets/Prefab/Enemy.prefab
  artifactKey: Guid(bf7e4131572760d4cb69d70deed9b7a6) Importer(815301076,1909f56bfc062723c751e8b465ee728b)
Start importing Assets/Prefab/Enemy.prefab using Guid(bf7e4131572760d4cb69d70deed9b7a6) Importer(815301076,1909f56bfc062723c751e8b465ee728b)  -> (artifact id: '32935e01c35bcc15bc0c2e167f69c050') in 0.047199 seconds
  Import took 0.049081 seconds .

========================================================================
Received Import Request.
  Time since last request: 431.778048 seconds.
  path: Assets/Script/EnemyWork.cs
  artifactKey: Guid(4a7f10e6e0778014b8cffc45df8b606b) Importer(815301076,1909f56bfc062723c751e8b465ee728b)
Start importing Assets/Script/EnemyWork.cs using Guid(4a7f10e6e0778014b8cffc45df8b606b) Importer(815301076,1909f56bfc062723c751e8b465ee728b)  -> (artifact id: 'c4309700875369d771b11c0ee4e30c25') in 0.013544 seconds
  Import took 0.037319 seconds .

========================================================================
Received Prepare
Registering precompiled user dll's ...
Registered in 0.000446 seconds.
Begin MonoManager ReloadAssembly
Native extension for WindowsStandalone target not found
Refreshing native plugins compatible for Editor in 0.15 ms, found 0 plugins.
Preloading 0 native plugins for Editor in 0.00 ms.
Invoked RoslynAnalysisRunner static constructor.
RoslynAnalysisRunner will not be running.
RoslynAnalysisRunner has terminated.
Mono: successfully reloaded assembly
- Completed reload, in  0.610 seconds
Platform modules already initialized, skipping
Refreshing native plugins compatible for Editor in 0.15 ms, found 0 plugins.
Preloading 0 native plugins for Editor in 0.00 ms.
Unloading 1070 Unused Serialized files (Serialized files now loaded: 0)
System memory in use before: 59.5 MB.
System memory in use after: 59.5 MB.

Unloading 4 unused Assets to reduce memory usage. Loaded Objects now: 1530.
Total: 1.402200 ms (FindLiveObjects: 0.146300 ms CreateObjectMapping: 0.027100 ms MarkObjects: 1.191300 ms  DeleteObjects: 0.037000 ms)

========================================================================
Received Import Request.
  Time since last request: 4017.307072 seconds.
  path: Assets/Prefab/Enemy.prefab
  artifactKey: Guid(bf7e4131572760d4cb69d70deed9b7a6) Importer(815301076,1909f56bfc062723c751e8b465ee728b)
Start importing Assets/Prefab/Enemy.prefab using Guid(bf7e4131572760d4cb69d70deed9b7a6) Importer(815301076,1909f56bfc062723c751e8b465ee728b)  -> (artifact id: '743c7dc5ec1e5b78031c39627d2481d4') in 0.062931 seconds
  Import took 0.078455 seconds .

========================================================================
Received Import Request.
  Time since last request: 9.486324 seconds.
  path: Assets/Prefab/Enemy.prefab
  artifactKey: Guid(bf7e4131572760d4cb69d70deed9b7a6) Importer(815301076,1909f56bfc062723c751e8b465ee728b)
Start importing Assets/Prefab/Enemy.prefab using Guid(bf7e4131572760d4cb69d70deed9b7a6) Importer(815301076,1909f56bfc062723c751e8b465ee728b)  -> (artifact id: 'd6463d158fc3f3b0adaa40956988381a') in 0.007553 seconds
  Import took 0.009703 seconds .

========================================================================
Received Import Request.
  Time since last request: 103.929682 seconds.
  path: Assets/Script/EnemySight.cs
  artifactKey: Guid(01105bf0e843c184a9f29de796fcd2bb) Importer(815301076,1909f56bfc062723c751e8b465ee728b)
Start importing Assets/Script/EnemySight.cs using Guid(01105bf0e843c184a9f29de796fcd2bb) Importer(815301076,1909f56bfc062723c751e8b465ee728b)  -> (artifact id: 'bc3b450fe0d4461430b9950347f66b60') in 0.004924 seconds
  Import took 0.192284 seconds .

========================================================================
Received Prepare
Registering precompiled user dll's ...
Registered in 0.000372 seconds.
Begin MonoManager ReloadAssembly
Native extension for WindowsStandalone target not found
Refreshing native plugins compatible for Editor in 0.16 ms, found 0 plugins.
Preloading 0 native plugins for Editor in 0.00 ms.
Invoked RoslynAnalysisRunner static constructor.
RoslynAnalysisRunner will not be running.
RoslynAnalysisRunner has terminated.
Mono: successfully reloaded assembly
- Completed reload, in  0.614 seconds
Platform modules already initialized, skipping
Refreshing native plugins compatible for Editor in 0.16 ms, found 0 plugins.
Preloading 0 native plugins for Editor in 0.00 ms.
Unloading 1071 Unused Serialized files (Serialized files now loaded: 0)
System memory in use before: 59.6 MB.
System memory in use after: 59.7 MB.

Unloading 4 unused Assets to reduce memory usage. Loaded Objects now: 1534.
Total: 1.596900 ms (FindLiveObjects: 0.103900 ms CreateObjectMapping: 0.028900 ms MarkObjects: 1.391200 ms  DeleteObjects: 0.072200 ms)

========================================================================
Received Prepare
Registering precompiled user dll's ...
Registered in 0.000571 seconds.
Begin MonoManager ReloadAssembly
Native extension for WindowsStandalone target not found
Refreshing native plugins compatible for Editor in 0.15 ms, found 0 plugins.
Preloading 0 native plugins for Editor in 0.00 ms.
Invoked RoslynAnalysisRunner static constructor.
RoslynAnalysisRunner will not be running.
RoslynAnalysisRunner has terminated.
Mono: successfully reloaded assembly
- Completed reload, in  0.615 seconds
Platform modules already initialized, skipping
Refreshing native plugins compatible for Editor in 0.16 ms, found 0 plugins.
Preloading 0 native plugins for Editor in 0.00 ms.
Unloading 1071 Unused Serialized files (Serialized files now loaded: 0)
System memory in use before: 59.8 MB.
System memory in use after: 59.9 MB.

Unloading 4 unused Assets to reduce memory usage. Loaded Objects now: 1536.
Total: 5.368500 ms (FindLiveObjects: 0.347700 ms CreateObjectMapping: 0.119700 ms MarkObjects: 4.790700 ms  DeleteObjects: 0.107800 ms)

========================================================================
Received Import Request.
  Time since last request: 343.451055 seconds.
  path: Assets/Script/EnemyWork.cs
  artifactKey: Guid(4a7f10e6e0778014b8cffc45df8b606b) Importer(815301076,1909f56bfc062723c751e8b465ee728b)
Start importing Assets/Script/EnemyWork.cs using Guid(4a7f10e6e0778014b8cffc45df8b606b) Importer(815301076,1909f56bfc062723c751e8b465ee728b)  -> (artifact id: '21043cf8bd41a3734c71024b576f56d7') in 0.006688 seconds
  Import took 0.031198 seconds .

========================================================================
Received Prepare
Registering precompiled user dll's ...
Registered in 0.000418 seconds.
Begin MonoManager ReloadAssembly
Native extension for WindowsStandalone target not found
Refreshing native plugins compatible for Editor in 0.16 ms, found 0 plugins.
Preloading 0 native plugins for Editor in 0.00 ms.
Invoked RoslynAnalysisRunner static constructor.
RoslynAnalysisRunner will not be running.
RoslynAnalysisRunner has terminated.
Mono: successfully reloaded assembly
- Completed reload, in  0.623 seconds
Platform modules already initialized, skipping
Refreshing native plugins compatible for Editor in 0.16 ms, found 0 plugins.
Preloading 0 native plugins for Editor in 0.00 ms.
Unloading 1071 Unused Serialized files (Serialized files now loaded: 0)
System memory in use before: 59.9 MB.
System memory in use after: 60.0 MB.

Unloading 4 unused Assets to reduce memory usage. Loaded Objects now: 1538.
Total: 1.434900 ms (FindLiveObjects: 0.114700 ms CreateObjectMapping: 0.027800 ms MarkObjects: 1.252600 ms  DeleteObjects: 0.038900 ms)

AssetImportWorkerClient::OnTransportError - code=2 error=End of file
